CRITICAL - 2025-05-15 05:22:35 --> CodeIgniter\View\Exceptions\ViewException: Invalid file: "welcome_message.php"
[Method: GET, Route: /]
in SYSTEMPATH\Exceptions\FrameworkException.php on line 39.
 1 SYSTEMPATH\View\View.php(212): CodeIgniter\Exceptions\FrameworkException::forInvalidFile('welcome_message.php')
 2 SYSTEMPATH\Common.php(1173): CodeIgniter\View\View->render('welcome_message', [], true)
 3 APPPATH\Controllers\Home.php(9): view('welcome_message')
 4 SYSTEMPATH\CodeIgniter.php(933): App\Controllers\Home->index()
 5 SYSTEMPATH\CodeIgniter.php(507): CodeIgniter\CodeIgniter->runController(Object(App\Controllers\Home))
 6 SYSTEMPATH\CodeIgniter.php(354): CodeIgniter\CodeIgniter->handleRequest(null, Object(Config\Cache), false)
 7 SYSTEMPATH\Boot.php(334): CodeIgniter\CodeIgniter->run()
 8 SYSTEMPATH\Boot.php(67): CodeIgniter\Boot::runCodeIgniter(Object(CodeIgniter\CodeIgniter))
 9 FCPATH\index.php(59): CodeIgniter\Boot::bootWeb(Object(Config\Paths))
10 SYSTEMPATH\rewrite.php(44): require_once('C:\\xampp\\htdocs\\Praktikum_Pemrograman_WebII\\PRAK6-DAMAR\\public\\index.php')
CRITICAL - 2025-05-15 05:24:56 --> ErrorException: include(C:\xampp\htdocs\Praktikum_Pemrograman_WebII\PRAK6-DAMAR\vendor\composer/../../app/Controllers/Home.php): Failed to open stream: No such file or directory
[Method: GET, Route: /]
in VENDORPATH\composer\ClassLoader.php on line 576.
 1 VENDORPATH\composer\ClassLoader.php(576): CodeIgniter\Debug\Exceptions->errorHandler(2, 'include(C:\\xampp\\htdocs\\Praktikum_Pemrograman_WebII\\PRAK6-DAMAR\\vendor\\composer/../../app/Controllers/Home.php): Failed to open stream: No such file or directory', 'C:\\xampp\\htdocs\\Praktikum_Pemrograman_WebII\\PRAK6-DAMAR\\vendor\\composer\\ClassLoader.php', 576)
 2 VENDORPATH\composer\ClassLoader.php(576): include()
 3 VENDORPATH\composer\ClassLoader.php(427): Composer\Autoload\{closure}('C:\\xampp\\htdocs\\Praktikum_Pemrograman_WebII\\PRAK6-DAMAR\\vendor\\composer/../../app/Controllers/Home.php')
 4 [internal function]: Composer\Autoload\ClassLoader->loadClass('App\\Controllers\\Home')
 5 SYSTEMPATH\CodeIgniter.php(885): class_exists('\\App\\Controllers\\Home', true)
 6 SYSTEMPATH\CodeIgniter.php(494): CodeIgniter\CodeIgniter->startController()
 7 SYSTEMPATH\CodeIgniter.php(354): CodeIgniter\CodeIgniter->handleRequest(null, Object(Config\Cache), false)
 8 SYSTEMPATH\Boot.php(334): CodeIgniter\CodeIgniter->run()
 9 SYSTEMPATH\Boot.php(67): CodeIgniter\Boot::runCodeIgniter(Object(CodeIgniter\CodeIgniter))
10 FCPATH\index.php(59): CodeIgniter\Boot::bootWeb(Object(Config\Paths))
11 SYSTEMPATH\rewrite.php(44): require_once('C:\\xampp\\htdocs\\Praktikum_Pemrograman_WebII\\PRAK6-DAMAR\\public\\index.php')
CRITICAL - 2025-05-15 05:26:08 --> ErrorException: include(C:\xampp\htdocs\Praktikum_Pemrograman_WebII\PRAK6-DAMAR\vendor\composer/../../app/Controllers/Home.php): Failed to open stream: No such file or directory
[Method: GET, Route: /]
in VENDORPATH\composer\ClassLoader.php on line 576.
 1 VENDORPATH\composer\ClassLoader.php(576): CodeIgniter\Debug\Exceptions->errorHandler(2, 'include(C:\\xampp\\htdocs\\Praktikum_Pemrograman_WebII\\PRAK6-DAMAR\\vendor\\composer/../../app/Controllers/Home.php): Failed to open stream: No such file or directory', 'C:\\xampp\\htdocs\\Praktikum_Pemrograman_WebII\\PRAK6-DAMAR\\vendor\\composer\\ClassLoader.php', 576)
 2 VENDORPATH\composer\ClassLoader.php(576): include()
 3 VENDORPATH\composer\ClassLoader.php(427): Composer\Autoload\{closure}('C:\\xampp\\htdocs\\Praktikum_Pemrograman_WebII\\PRAK6-DAMAR\\vendor\\composer/../../app/Controllers/Home.php')
 4 [internal function]: Composer\Autoload\ClassLoader->loadClass('App\\Controllers\\Home')
 5 SYSTEMPATH\CodeIgniter.php(885): class_exists('\\App\\Controllers\\Home', true)
 6 SYSTEMPATH\CodeIgniter.php(494): CodeIgniter\CodeIgniter->startController()
 7 SYSTEMPATH\CodeIgniter.php(354): CodeIgniter\CodeIgniter->handleRequest(null, Object(Config\Cache), false)
 8 SYSTEMPATH\Boot.php(334): CodeIgniter\CodeIgniter->run()
 9 SYSTEMPATH\Boot.php(67): CodeIgniter\Boot::runCodeIgniter(Object(CodeIgniter\CodeIgniter))
10 FCPATH\index.php(59): CodeIgniter\Boot::bootWeb(Object(Config\Paths))
11 SYSTEMPATH\rewrite.php(44): require_once('C:\\xampp\\htdocs\\Praktikum_Pemrograman_WebII\\PRAK6-DAMAR\\public\\index.php')
CRITICAL - 2025-05-15 07:47:21 --> ErrorException: Undefined variable $portfolio
[Method: GET, Route: /]
in APPPATH\Views\beranda.php on line 35.
 1 APPPATH\Views\beranda.php(35): CodeIgniter\Debug\Exceptions->errorHandler(2, 'Undefined variable $portfolio', 'C:\\xampp\\htdocs\\Praktikum_Pemrograman_WebII\\PRAK6-DAMAR\\app\\Views\\beranda.php', 35)
 2 SYSTEMPATH\View\View.php(224): include('C:\\xampp\\htdocs\\Praktikum_Pemrograman_WebII\\PRAK6-DAMAR\\app\\Views\\beranda.php')
 3 SYSTEMPATH\View\View.php(227): CodeIgniter\View\View->CodeIgniter\View\{closure}()
 4 SYSTEMPATH\Common.php(1173): CodeIgniter\View\View->render('beranda', [], true)
 5 APPPATH\Controllers\Beranda.php(12): view('beranda', [...])
 6 SYSTEMPATH\CodeIgniter.php(933): App\Controllers\Beranda->index()
 7 SYSTEMPATH\CodeIgniter.php(507): CodeIgniter\CodeIgniter->runController(Object(App\Controllers\Beranda))
 8 SYSTEMPATH\CodeIgniter.php(354): CodeIgniter\CodeIgniter->handleRequest(null, Object(Config\Cache), false)
 9 SYSTEMPATH\Boot.php(334): CodeIgniter\CodeIgniter->run()
10 SYSTEMPATH\Boot.php(67): CodeIgniter\Boot::runCodeIgniter(Object(CodeIgniter\CodeIgniter))
11 FCPATH\index.php(59): CodeIgniter\Boot::bootWeb(Object(Config\Paths))
12 SYSTEMPATH\rewrite.php(44): require_once('C:\\xampp\\htdocs\\Praktikum_Pemrograman_WebII\\PRAK6-DAMAR\\public\\index.php')
CRITICAL - 2025-05-15 07:48:29 --> ErrorException: Undefined array key "title"
[Method: GET, Route: /]
in APPPATH\Views\beranda.php on line 35.
 1 APPPATH\Views\beranda.php(35): CodeIgniter\Debug\Exceptions->errorHandler(2, 'Undefined array key "title"', 'C:\\xampp\\htdocs\\Praktikum_Pemrograman_WebII\\PRAK6-DAMAR\\app\\Views\\beranda.php', 35)
 2 SYSTEMPATH\View\View.php(224): include('C:\\xampp\\htdocs\\Praktikum_Pemrograman_WebII\\PRAK6-DAMAR\\app\\Views\\beranda.php')
 3 SYSTEMPATH\View\View.php(227): CodeIgniter\View\View->CodeIgniter\View\{closure}()
 4 SYSTEMPATH\Common.php(1173): CodeIgniter\View\View->render('beranda', [], true)
 5 APPPATH\Controllers\Beranda.php(12): view('beranda', [...])
 6 SYSTEMPATH\CodeIgniter.php(933): App\Controllers\Beranda->index()
 7 SYSTEMPATH\CodeIgniter.php(507): CodeIgniter\CodeIgniter->runController(Object(App\Controllers\Beranda))
 8 SYSTEMPATH\CodeIgniter.php(354): CodeIgniter\CodeIgniter->handleRequest(null, Object(Config\Cache), false)
 9 SYSTEMPATH\Boot.php(334): CodeIgniter\CodeIgniter->run()
10 SYSTEMPATH\Boot.php(67): CodeIgniter\Boot::runCodeIgniter(Object(CodeIgniter\CodeIgniter))
11 FCPATH\index.php(59): CodeIgniter\Boot::bootWeb(Object(Config\Paths))
12 SYSTEMPATH\rewrite.php(44): require_once('C:\\xampp\\htdocs\\Praktikum_Pemrograman_WebII\\PRAK6-DAMAR\\public\\index.php')
CRITICAL - 2025-05-15 07:49:25 --> ErrorException: Undefined array key "title"
[Method: GET, Route: /]
in APPPATH\Views\beranda.php on line 35.
 1 APPPATH\Views\beranda.php(35): CodeIgniter\Debug\Exceptions->errorHandler(2, 'Undefined array key "title"', 'C:\\xampp\\htdocs\\Praktikum_Pemrograman_WebII\\PRAK6-DAMAR\\app\\Views\\beranda.php', 35)
 2 SYSTEMPATH\View\View.php(224): include('C:\\xampp\\htdocs\\Praktikum_Pemrograman_WebII\\PRAK6-DAMAR\\app\\Views\\beranda.php')
 3 SYSTEMPATH\View\View.php(227): CodeIgniter\View\View->CodeIgniter\View\{closure}()
 4 SYSTEMPATH\Common.php(1173): CodeIgniter\View\View->render('beranda', [], true)
 5 APPPATH\Controllers\Beranda.php(12): view('beranda', [...])
 6 SYSTEMPATH\CodeIgniter.php(933): App\Controllers\Beranda->index()
 7 SYSTEMPATH\CodeIgniter.php(507): CodeIgniter\CodeIgniter->runController(Object(App\Controllers\Beranda))
 8 SYSTEMPATH\CodeIgniter.php(354): CodeIgniter\CodeIgniter->handleRequest(null, Object(Config\Cache), false)
 9 SYSTEMPATH\Boot.php(334): CodeIgniter\CodeIgniter->run()
10 SYSTEMPATH\Boot.php(67): CodeIgniter\Boot::runCodeIgniter(Object(CodeIgniter\CodeIgniter))
11 FCPATH\index.php(59): CodeIgniter\Boot::bootWeb(Object(Config\Paths))
12 SYSTEMPATH\rewrite.php(44): require_once('C:\\xampp\\htdocs\\Praktikum_Pemrograman_WebII\\PRAK6-DAMAR\\public\\index.php')
CRITICAL - 2025-05-15 07:51:10 --> ErrorException: Undefined array key "title"
[Method: GET, Route: /]
in APPPATH\Views\beranda.php on line 35.
 1 APPPATH\Views\beranda.php(35): CodeIgniter\Debug\Exceptions->errorHandler(2, 'Undefined array key "title"', 'C:\\xampp\\htdocs\\Praktikum_Pemrograman_WebII\\PRAK6-DAMAR\\app\\Views\\beranda.php', 35)
 2 SYSTEMPATH\View\View.php(224): include('C:\\xampp\\htdocs\\Praktikum_Pemrograman_WebII\\PRAK6-DAMAR\\app\\Views\\beranda.php')
 3 SYSTEMPATH\View\View.php(227): CodeIgniter\View\View->CodeIgniter\View\{closure}()
 4 SYSTEMPATH\Common.php(1173): CodeIgniter\View\View->render('beranda', [], true)
 5 APPPATH\Controllers\Beranda.php(12): view('beranda', [...])
 6 SYSTEMPATH\CodeIgniter.php(933): App\Controllers\Beranda->index()
 7 SYSTEMPATH\CodeIgniter.php(507): CodeIgniter\CodeIgniter->runController(Object(App\Controllers\Beranda))
 8 SYSTEMPATH\CodeIgniter.php(354): CodeIgniter\CodeIgniter->handleRequest(null, Object(Config\Cache), false)
 9 SYSTEMPATH\Boot.php(334): CodeIgniter\CodeIgniter->run()
10 SYSTEMPATH\Boot.php(67): CodeIgniter\Boot::runCodeIgniter(Object(CodeIgniter\CodeIgniter))
11 FCPATH\index.php(59): CodeIgniter\Boot::bootWeb(Object(Config\Paths))
12 SYSTEMPATH\rewrite.php(44): require_once('C:\\xampp\\htdocs\\Praktikum_Pemrograman_WebII\\PRAK6-DAMAR\\public\\index.php')
CRITICAL - 2025-05-15 07:53:41 --> ErrorException: Undefined array key "name"
[Method: GET, Route: /]
in APPPATH\Views\beranda.php on line 41.
 1 APPPATH\Views\beranda.php(41): CodeIgniter\Debug\Exceptions->errorHandler(2, 'Undefined array key "name"', 'C:\\xampp\\htdocs\\Praktikum_Pemrograman_WebII\\PRAK6-DAMAR\\app\\Views\\beranda.php', 41)
 2 SYSTEMPATH\View\View.php(224): include('C:\\xampp\\htdocs\\Praktikum_Pemrograman_WebII\\PRAK6-DAMAR\\app\\Views\\beranda.php')
 3 SYSTEMPATH\View\View.php(227): CodeIgniter\View\View->CodeIgniter\View\{closure}()
 4 SYSTEMPATH\Common.php(1173): CodeIgniter\View\View->render('beranda', [], true)
 5 APPPATH\Controllers\Beranda.php(12): view('beranda', [...])
 6 SYSTEMPATH\CodeIgniter.php(933): App\Controllers\Beranda->index()
 7 SYSTEMPATH\CodeIgniter.php(507): CodeIgniter\CodeIgniter->runController(Object(App\Controllers\Beranda))
 8 SYSTEMPATH\CodeIgniter.php(354): CodeIgniter\CodeIgniter->handleRequest(null, Object(Config\Cache), false)
 9 SYSTEMPATH\Boot.php(334): CodeIgniter\CodeIgniter->run()
10 SYSTEMPATH\Boot.php(67): CodeIgniter\Boot::runCodeIgniter(Object(CodeIgniter\CodeIgniter))
11 FCPATH\index.php(59): CodeIgniter\Boot::bootWeb(Object(Config\Paths))
12 SYSTEMPATH\rewrite.php(44): require_once('C:\\xampp\\htdocs\\Praktikum_Pemrograman_WebII\\PRAK6-DAMAR\\public\\index.php')
CRITICAL - 2025-05-15 07:56:15 --> ErrorException: Undefined array key "bio"
[Method: GET, Route: profile]
in APPPATH\Views\profile.php on line 46.
 1 APPPATH\Views\profile.php(46): CodeIgniter\Debug\Exceptions->errorHandler(2, 'Undefined array key "bio"', 'C:\\xampp\\htdocs\\Praktikum_Pemrograman_WebII\\PRAK6-DAMAR\\app\\Views\\profile.php', 46)
 2 SYSTEMPATH\View\View.php(224): include('C:\\xampp\\htdocs\\Praktikum_Pemrograman_WebII\\PRAK6-DAMAR\\app\\Views\\profile.php')
 3 SYSTEMPATH\View\View.php(227): CodeIgniter\View\View->CodeIgniter\View\{closure}()
 4 SYSTEMPATH\Common.php(1173): CodeIgniter\View\View->render('profile', [], true)
 5 APPPATH\Controllers\Profile.php(12): view('profile', [...])
 6 SYSTEMPATH\CodeIgniter.php(933): App\Controllers\Profile->index()
 7 SYSTEMPATH\CodeIgniter.php(507): CodeIgniter\CodeIgniter->runController(Object(App\Controllers\Profile))
 8 SYSTEMPATH\CodeIgniter.php(354): CodeIgniter\CodeIgniter->handleRequest(null, Object(Config\Cache), false)
 9 SYSTEMPATH\Boot.php(334): CodeIgniter\CodeIgniter->run()
10 SYSTEMPATH\Boot.php(67): CodeIgniter\Boot::runCodeIgniter(Object(CodeIgniter\CodeIgniter))
11 FCPATH\index.php(59): CodeIgniter\Boot::bootWeb(Object(Config\Paths))
12 SYSTEMPATH\rewrite.php(44): require_once('C:\\xampp\\htdocs\\Praktikum_Pemrograman_WebII\\PRAK6-DAMAR\\public\\index.php')
CRITICAL - 2025-05-15 07:56:42 --> ErrorException: Undefined array key "deskripsi_jurusan"
[Method: GET, Route: profile]
in APPPATH\Views\profile.php on line 76.
 1 APPPATH\Views\profile.php(76): CodeIgniter\Debug\Exceptions->errorHandler(2, 'Undefined array key "deskripsi_jurusan"', 'C:\\xampp\\htdocs\\Praktikum_Pemrograman_WebII\\PRAK6-DAMAR\\app\\Views\\profile.php', 76)
 2 SYSTEMPATH\View\View.php(224): include('C:\\xampp\\htdocs\\Praktikum_Pemrograman_WebII\\PRAK6-DAMAR\\app\\Views\\profile.php')
 3 SYSTEMPATH\View\View.php(227): CodeIgniter\View\View->CodeIgniter\View\{closure}()
 4 SYSTEMPATH\Common.php(1173): CodeIgniter\View\View->render('profile', [], true)
 5 APPPATH\Controllers\Profile.php(12): view('profile', [...])
 6 SYSTEMPATH\CodeIgniter.php(933): App\Controllers\Profile->index()
 7 SYSTEMPATH\CodeIgniter.php(507): CodeIgniter\CodeIgniter->runController(Object(App\Controllers\Profile))
 8 SYSTEMPATH\CodeIgniter.php(354): CodeIgniter\CodeIgniter->handleRequest(null, Object(Config\Cache), false)
 9 SYSTEMPATH\Boot.php(334): CodeIgniter\CodeIgniter->run()
10 SYSTEMPATH\Boot.php(67): CodeIgniter\Boot::runCodeIgniter(Object(CodeIgniter\CodeIgniter))
11 FCPATH\index.php(59): CodeIgniter\Boot::bootWeb(Object(Config\Paths))
12 SYSTEMPATH\rewrite.php(44): require_once('C:\\xampp\\htdocs\\Praktikum_Pemrograman_WebII\\PRAK6-DAMAR\\public\\index.php')
CRITICAL - 2025-05-15 07:57:16 --> ErrorException: Undefined array key "judul"
[Method: GET, Route: profile]
in APPPATH\Views\profile.php on line 102.
 1 APPPATH\Views\profile.php(102): CodeIgniter\Debug\Exceptions->errorHandler(2, 'Undefined array key "judul"', 'C:\\xampp\\htdocs\\Praktikum_Pemrograman_WebII\\PRAK6-DAMAR\\app\\Views\\profile.php', 102)
 2 SYSTEMPATH\View\View.php(224): include('C:\\xampp\\htdocs\\Praktikum_Pemrograman_WebII\\PRAK6-DAMAR\\app\\Views\\profile.php')
 3 SYSTEMPATH\View\View.php(227): CodeIgniter\View\View->CodeIgniter\View\{closure}()
 4 SYSTEMPATH\Common.php(1173): CodeIgniter\View\View->render('profile', [], true)
 5 APPPATH\Controllers\Profile.php(12): view('profile', [...])
 6 SYSTEMPATH\CodeIgniter.php(933): App\Controllers\Profile->index()
 7 SYSTEMPATH\CodeIgniter.php(507): CodeIgniter\CodeIgniter->runController(Object(App\Controllers\Profile))
 8 SYSTEMPATH\CodeIgniter.php(354): CodeIgniter\CodeIgniter->handleRequest(null, Object(Config\Cache), false)
 9 SYSTEMPATH\Boot.php(334): CodeIgniter\CodeIgniter->run()
10 SYSTEMPATH\Boot.php(67): CodeIgniter\Boot::runCodeIgniter(Object(CodeIgniter\CodeIgniter))
11 FCPATH\index.php(59): CodeIgniter\Boot::bootWeb(Object(Config\Paths))
12 SYSTEMPATH\rewrite.php(44): require_once('C:\\xampp\\htdocs\\Praktikum_Pemrograman_WebII\\PRAK6-DAMAR\\public\\index.php')
CRITICAL - 2025-05-15 08:03:29 --> ErrorException: Undefined array key "bio"
[Method: GET, Route: profile]
in APPPATH\Views\profile.php on line 46.
 1 APPPATH\Views\profile.php(46): CodeIgniter\Debug\Exceptions->errorHandler(2, 'Undefined array key "bio"', 'C:\\xampp\\htdocs\\Praktikum_Pemrograman_WebII\\PRAK6-DAMAR\\app\\Views\\profile.php', 46)
 2 SYSTEMPATH\View\View.php(224): include('C:\\xampp\\htdocs\\Praktikum_Pemrograman_WebII\\PRAK6-DAMAR\\app\\Views\\profile.php')
 3 SYSTEMPATH\View\View.php(227): CodeIgniter\View\View->CodeIgniter\View\{closure}()
 4 SYSTEMPATH\Common.php(1173): CodeIgniter\View\View->render('profile', [], true)
 5 APPPATH\Controllers\Profile.php(12): view('profile', [...])
 6 SYSTEMPATH\CodeIgniter.php(933): App\Controllers\Profile->index()
 7 SYSTEMPATH\CodeIgniter.php(507): CodeIgniter\CodeIgniter->runController(Object(App\Controllers\Profile))
 8 SYSTEMPATH\CodeIgniter.php(354): CodeIgniter\CodeIgniter->handleRequest(null, Object(Config\Cache), false)
 9 SYSTEMPATH\Boot.php(334): CodeIgniter\CodeIgniter->run()
10 SYSTEMPATH\Boot.php(67): CodeIgniter\Boot::runCodeIgniter(Object(CodeIgniter\CodeIgniter))
11 FCPATH\index.php(59): CodeIgniter\Boot::bootWeb(Object(Config\Paths))
12 SYSTEMPATH\rewrite.php(44): require_once('C:\\xampp\\htdocs\\Praktikum_Pemrograman_WebII\\PRAK6-DAMAR\\public\\index.php')
CRITICAL - 2025-05-15 08:11:11 --> ErrorException: Undefined array key "judul"
[Method: GET, Route: profile]
in APPPATH\Views\profile.php on line 101.
 1 APPPATH\Views\profile.php(101): CodeIgniter\Debug\Exceptions->errorHandler(2, 'Undefined array key "judul"', 'C:\\xampp\\htdocs\\Praktikum_Pemrograman_WebII\\PRAK6-DAMAR\\app\\Views\\profile.php', 101)
 2 SYSTEMPATH\View\View.php(224): include('C:\\xampp\\htdocs\\Praktikum_Pemrograman_WebII\\PRAK6-DAMAR\\app\\Views\\profile.php')
 3 SYSTEMPATH\View\View.php(227): CodeIgniter\View\View->CodeIgniter\View\{closure}()
 4 SYSTEMPATH\Common.php(1173): CodeIgniter\View\View->render('profile', [], true)
 5 APPPATH\Controllers\Profile.php(12): view('profile', [...])
 6 SYSTEMPATH\CodeIgniter.php(933): App\Controllers\Profile->index()
 7 SYSTEMPATH\CodeIgniter.php(507): CodeIgniter\CodeIgniter->runController(Object(App\Controllers\Profile))
 8 SYSTEMPATH\CodeIgniter.php(354): CodeIgniter\CodeIgniter->handleRequest(null, Object(Config\Cache), false)
 9 SYSTEMPATH\Boot.php(334): CodeIgniter\CodeIgniter->run()
10 SYSTEMPATH\Boot.php(67): CodeIgniter\Boot::runCodeIgniter(Object(CodeIgniter\CodeIgniter))
11 FCPATH\index.php(59): CodeIgniter\Boot::bootWeb(Object(Config\Paths))
12 SYSTEMPATH\rewrite.php(44): require_once('C:\\xampp\\htdocs\\Praktikum_Pemrograman_WebII\\PRAK6-DAMAR\\public\\index.php')
CRITICAL - 2025-05-15 08:22:06 --> ErrorException: Undefined array key "skill"
[Method: GET, Route: profile]
in APPPATH\Views\profile.php on line 177.
 1 APPPATH\Views\profile.php(177): CodeIgniter\Debug\Exceptions->errorHandler(2, 'Undefined array key "skill"', 'C:\\xampp\\htdocs\\Praktikum_Pemrograman_WebII\\PRAK6-DAMAR\\app\\Views\\profile.php', 177)
 2 SYSTEMPATH\View\View.php(224): include('C:\\xampp\\htdocs\\Praktikum_Pemrograman_WebII\\PRAK6-DAMAR\\app\\Views\\profile.php')
 3 SYSTEMPATH\View\View.php(227): CodeIgniter\View\View->CodeIgniter\View\{closure}()
 4 SYSTEMPATH\Common.php(1173): CodeIgniter\View\View->render('profile', [], true)
 5 APPPATH\Controllers\Profile.php(12): view('profile', [...])
 6 SYSTEMPATH\CodeIgniter.php(933): App\Controllers\Profile->index()
 7 SYSTEMPATH\CodeIgniter.php(507): CodeIgniter\CodeIgniter->runController(Object(App\Controllers\Profile))
 8 SYSTEMPATH\CodeIgniter.php(354): CodeIgniter\CodeIgniter->handleRequest(null, Object(Config\Cache), false)
 9 SYSTEMPATH\Boot.php(334): CodeIgniter\CodeIgniter->run()
10 SYSTEMPATH\Boot.php(67): CodeIgniter\Boot::runCodeIgniter(Object(CodeIgniter\CodeIgniter))
11 FCPATH\index.php(59): CodeIgniter\Boot::bootWeb(Object(Config\Paths))
12 SYSTEMPATH\rewrite.php(44): require_once('C:\\xampp\\htdocs\\Praktikum_Pemrograman_WebII\\PRAK6-DAMAR\\public\\index.php')
CRITICAL - 2025-05-15 08:29:54 --> ErrorException: Undefined property: CodeIgniter\View\View::$load
[Method: GET, Route: /]
in APPPATH\Views\beranda.php on line 14.
 1 APPPATH\Views\beranda.php(14): CodeIgniter\Debug\Exceptions->errorHandler(2, 'Undefined property: CodeIgniter\\View\\View::$load', 'C:\\xampp\\htdocs\\Praktikum_Pemrograman_WebII\\PRAK6-DAMAR\\app\\Views\\beranda.php', 14)
 2 SYSTEMPATH\View\View.php(224): include('C:\\xampp\\htdocs\\Praktikum_Pemrograman_WebII\\PRAK6-DAMAR\\app\\Views\\beranda.php')
 3 SYSTEMPATH\View\View.php(227): CodeIgniter\View\View->CodeIgniter\View\{closure}()
 4 SYSTEMPATH\Common.php(1173): CodeIgniter\View\View->render('beranda', [], true)
 5 APPPATH\Controllers\Beranda.php(12): view('beranda', [...])
 6 SYSTEMPATH\CodeIgniter.php(933): App\Controllers\Beranda->index()
 7 SYSTEMPATH\CodeIgniter.php(507): CodeIgniter\CodeIgniter->runController(Object(App\Controllers\Beranda))
 8 SYSTEMPATH\CodeIgniter.php(354): CodeIgniter\CodeIgniter->handleRequest(null, Object(Config\Cache), false)
 9 SYSTEMPATH\Boot.php(334): CodeIgniter\CodeIgniter->run()
10 SYSTEMPATH\Boot.php(67): CodeIgniter\Boot::runCodeIgniter(Object(CodeIgniter\CodeIgniter))
11 FCPATH\index.php(59): CodeIgniter\Boot::bootWeb(Object(Config\Paths))
12 SYSTEMPATH\rewrite.php(44): require_once('C:\\xampp\\htdocs\\Praktikum_Pemrograman_WebII\\PRAK6-DAMAR\\public\\index.php')
CRITICAL - 2025-05-15 08:30:29 --> ErrorException: Undefined property: CodeIgniter\View\View::$load
[Method: GET, Route: /]
in APPPATH\Views\beranda.php on line 14.
 1 APPPATH\Views\beranda.php(14): CodeIgniter\Debug\Exceptions->errorHandler(2, 'Undefined property: CodeIgniter\\View\\View::$load', 'C:\\xampp\\htdocs\\Praktikum_Pemrograman_WebII\\PRAK6-DAMAR\\app\\Views\\beranda.php', 14)
 2 SYSTEMPATH\View\View.php(224): include('C:\\xampp\\htdocs\\Praktikum_Pemrograman_WebII\\PRAK6-DAMAR\\app\\Views\\beranda.php')
 3 SYSTEMPATH\View\View.php(227): CodeIgniter\View\View->CodeIgniter\View\{closure}()
 4 SYSTEMPATH\Common.php(1173): CodeIgniter\View\View->render('beranda', [], true)
 5 APPPATH\Controllers\Beranda.php(12): view('beranda', [...])
 6 SYSTEMPATH\CodeIgniter.php(933): App\Controllers\Beranda->index()
 7 SYSTEMPATH\CodeIgniter.php(507): CodeIgniter\CodeIgniter->runController(Object(App\Controllers\Beranda))
 8 SYSTEMPATH\CodeIgniter.php(354): CodeIgniter\CodeIgniter->handleRequest(null, Object(Config\Cache), false)
 9 SYSTEMPATH\Boot.php(334): CodeIgniter\CodeIgniter->run()
10 SYSTEMPATH\Boot.php(67): CodeIgniter\Boot::runCodeIgniter(Object(CodeIgniter\CodeIgniter))
11 FCPATH\index.php(59): CodeIgniter\Boot::bootWeb(Object(Config\Paths))
12 SYSTEMPATH\rewrite.php(44): require_once('C:\\xampp\\htdocs\\Praktikum_Pemrograman_WebII\\PRAK6-DAMAR\\public\\index.php')
CRITICAL - 2025-05-15 08:32:09 --> ErrorException: Undefined property: CodeIgniter\View\View::$load
[Method: GET, Route: /]
in APPPATH\Views\beranda.php on line 14.
 1 APPPATH\Views\beranda.php(14): CodeIgniter\Debug\Exceptions->errorHandler(2, 'Undefined property: CodeIgniter\\View\\View::$load', 'C:\\xampp\\htdocs\\Praktikum_Pemrograman_WebII\\PRAK6-DAMAR\\app\\Views\\beranda.php', 14)
 2 SYSTEMPATH\View\View.php(224): include('C:\\xampp\\htdocs\\Praktikum_Pemrograman_WebII\\PRAK6-DAMAR\\app\\Views\\beranda.php')
 3 SYSTEMPATH\View\View.php(227): CodeIgniter\View\View->CodeIgniter\View\{closure}()
 4 SYSTEMPATH\Common.php(1173): CodeIgniter\View\View->render('beranda', [], true)
 5 APPPATH\Controllers\Beranda.php(12): view('beranda', [...])
 6 SYSTEMPATH\CodeIgniter.php(933): App\Controllers\Beranda->index()
 7 SYSTEMPATH\CodeIgniter.php(507): CodeIgniter\CodeIgniter->runController(Object(App\Controllers\Beranda))
 8 SYSTEMPATH\CodeIgniter.php(354): CodeIgniter\CodeIgniter->handleRequest(null, Object(Config\Cache), false)
 9 SYSTEMPATH\Boot.php(334): CodeIgniter\CodeIgniter->run()
10 SYSTEMPATH\Boot.php(67): CodeIgniter\Boot::runCodeIgniter(Object(CodeIgniter\CodeIgniter))
11 FCPATH\index.php(59): CodeIgniter\Boot::bootWeb(Object(Config\Paths))
12 SYSTEMPATH\rewrite.php(44): require_once('C:\\xampp\\htdocs\\Praktikum_Pemrograman_WebII\\PRAK6-DAMAR\\public\\index.php')
CRITICAL - 2025-05-15 08:32:13 --> ErrorException: Undefined property: CodeIgniter\View\View::$load
[Method: GET, Route: /]
in APPPATH\Views\beranda.php on line 14.
 1 APPPATH\Views\beranda.php(14): CodeIgniter\Debug\Exceptions->errorHandler(2, 'Undefined property: CodeIgniter\\View\\View::$load', 'C:\\xampp\\htdocs\\Praktikum_Pemrograman_WebII\\PRAK6-DAMAR\\app\\Views\\beranda.php', 14)
 2 SYSTEMPATH\View\View.php(224): include('C:\\xampp\\htdocs\\Praktikum_Pemrograman_WebII\\PRAK6-DAMAR\\app\\Views\\beranda.php')
 3 SYSTEMPATH\View\View.php(227): CodeIgniter\View\View->CodeIgniter\View\{closure}()
 4 SYSTEMPATH\Common.php(1173): CodeIgniter\View\View->render('beranda', [], true)
 5 APPPATH\Controllers\Beranda.php(12): view('beranda', [...])
 6 SYSTEMPATH\CodeIgniter.php(933): App\Controllers\Beranda->index()
 7 SYSTEMPATH\CodeIgniter.php(507): CodeIgniter\CodeIgniter->runController(Object(App\Controllers\Beranda))
 8 SYSTEMPATH\CodeIgniter.php(354): CodeIgniter\CodeIgniter->handleRequest(null, Object(Config\Cache), false)
 9 SYSTEMPATH\Boot.php(334): CodeIgniter\CodeIgniter->run()
10 SYSTEMPATH\Boot.php(67): CodeIgniter\Boot::runCodeIgniter(Object(CodeIgniter\CodeIgniter))
11 FCPATH\index.php(59): CodeIgniter\Boot::bootWeb(Object(Config\Paths))
12 SYSTEMPATH\rewrite.php(44): require_once('C:\\xampp\\htdocs\\Praktikum_Pemrograman_WebII\\PRAK6-DAMAR\\public\\index.php')
CRITICAL - 2025-05-15 08:32:13 --> ErrorException: Undefined property: CodeIgniter\View\View::$load
[Method: GET, Route: /]
in APPPATH\Views\beranda.php on line 14.
 1 APPPATH\Views\beranda.php(14): CodeIgniter\Debug\Exceptions->errorHandler(2, 'Undefined property: CodeIgniter\\View\\View::$load', 'C:\\xampp\\htdocs\\Praktikum_Pemrograman_WebII\\PRAK6-DAMAR\\app\\Views\\beranda.php', 14)
 2 SYSTEMPATH\View\View.php(224): include('C:\\xampp\\htdocs\\Praktikum_Pemrograman_WebII\\PRAK6-DAMAR\\app\\Views\\beranda.php')
 3 SYSTEMPATH\View\View.php(227): CodeIgniter\View\View->CodeIgniter\View\{closure}()
 4 SYSTEMPATH\Common.php(1173): CodeIgniter\View\View->render('beranda', [], true)
 5 APPPATH\Controllers\Beranda.php(12): view('beranda', [...])
 6 SYSTEMPATH\CodeIgniter.php(933): App\Controllers\Beranda->index()
 7 SYSTEMPATH\CodeIgniter.php(507): CodeIgniter\CodeIgniter->runController(Object(App\Controllers\Beranda))
 8 SYSTEMPATH\CodeIgniter.php(354): CodeIgniter\CodeIgniter->handleRequest(null, Object(Config\Cache), false)
 9 SYSTEMPATH\Boot.php(334): CodeIgniter\CodeIgniter->run()
10 SYSTEMPATH\Boot.php(67): CodeIgniter\Boot::runCodeIgniter(Object(CodeIgniter\CodeIgniter))
11 FCPATH\index.php(59): CodeIgniter\Boot::bootWeb(Object(Config\Paths))
12 SYSTEMPATH\rewrite.php(44): require_once('C:\\xampp\\htdocs\\Praktikum_Pemrograman_WebII\\PRAK6-DAMAR\\public\\index.php')
